2024-11-04T18:37:58.667+07:00  WARN 22520 --- [WeatherApiService] [restartedMain] org.hibernate.orm.deprecation            : HHH90000025: MySQL8Dialect does not need to be specified explicitly using 'hibernate.dialect' (remove the property setting and it will be selected by default)
2024-11-04T18:37:58.687+07:00  WARN 22520 --- [WeatherApiService] [restartedMain] org.hibernate.orm.deprecation            : HHH90000026: MySQL8Dialect has been deprecated; use org.hibernate.dialect.MySQLDialect instead
2024-11-04T18:37:59.251+07:00  WARN 22520 --- [WeatherApiService] [restartedMain] org.hibernate.mapping.RootClass          : HHH000038: Composite-id class does not override equals(): com.skyapi.weatherforecast.common.HourlyWeatherId
2024-11-04T18:37:59.252+07:00  WARN 22520 --- [WeatherApiService] [restartedMain] org.hibernate.mapping.RootClass          : HHH000039: Composite-id class does not override hashCode(): com.skyapi.weatherforecast.common.HourlyWeatherId
2024-11-04T18:38:00.228+07:00 ERROR 22520 --- [WeatherApiService] [restartedMain] c.s.weatherforecast.GeolocationService   : ip2locdb\IP2LOCATION-LITE-DB11.BIN (The system cannot find the path specified)

java.io.FileNotFoundException: ip2locdb\IP2LOCATION-LITE-DB11.BIN (The system cannot find the path specified)
	at java.base/java.io.RandomAccessFile.open0(Native Method) ~[na:na]
	at java.base/java.io.RandomAccessFile.open(RandomAccessFile.java:354) ~[na:na]
	at java.base/java.io.RandomAccessFile.<init>(RandomAccessFile.java:271) ~[na:na]
	at java.base/java.io.RandomAccessFile.<init>(RandomAccessFile.java:221) ~[na:na]
	at java.base/java.io.RandomAccessFile.<init>(RandomAccessFile.java:136) ~[na:na]
	at com.ip2location.IP2Location$1$1.<init>(IP2Location.java:178) ~[ip2location-java-8.10.0.jar:na]
	at com.ip2location.IP2Location$1.open(IP2Location.java:177) ~[ip2location-java-8.10.0.jar:na]
	at com.ip2location.IP2Location.LoadBIN(IP2Location.java:300) ~[ip2location-java-8.10.0.jar:na]
	at com.ip2location.IP2Location.Open(IP2Location.java:203) ~[ip2location-java-8.10.0.jar:na]
	at com.skyapi.weatherforecast.GeolocationService.<init>(GeolocationService.java:23) ~[classes/:na]
	at java.base/jdk.internal.reflect.DirectConstructorHandleAccessor.newInstance(DirectConstructorHandleAccessor.java:62) ~[na:na]
	at java.base/java.lang.reflect.Constructor.newInstanceWithCaller(Constructor.java:502) ~[na:na]
	at java.base/java.lang.reflect.Constructor.newInstance(Constructor.java:486) ~[na:na]
	at org.springframework.beans.BeanUtils.instantiateClass(BeanUtils.java:195) ~[spring-beans-6.1.14.jar:6.1.14]
	at org.springframework.beans.factory.support.SimpleInstantiationStrategy.instantiate(SimpleInstantiationStrategy.java:94) ~[spring-beans-6.1.14.jar:6.1.14]
	at org.springframework.beans.factory.support.AbstractAutowireCapableBeanFactory.instantiateBean(AbstractAutowireCapableBeanFactory.java:1331) ~[spring-beans-6.1.14.jar:6.1.14]
	at org.springframework.beans.factory.support.AbstractAutowireCapableBeanFactory.createBeanInstance(AbstractAutowireCapableBeanFactory.java:1222) ~[spring-beans-6.1.14.jar:6.1.14]
	at org.springframework.beans.factory.support.AbstractAutowireCapableBeanFactory.doCreateBean(AbstractAutowireCapableBeanFactory.java:562) ~[spring-beans-6.1.14.jar:6.1.14]
	at org.springframework.beans.factory.support.AbstractAutowireCapableBeanFactory.createBean(AbstractAutowireCapableBeanFactory.java:522) ~[spring-beans-6.1.14.jar:6.1.14]
	at org.springframework.beans.factory.support.AbstractBeanFactory.lambda$doGetBean$0(AbstractBeanFactory.java:337) ~[spring-beans-6.1.14.jar:6.1.14]
	at org.springframework.beans.factory.support.DefaultSingletonBeanRegistry.getSingleton(DefaultSingletonBeanRegistry.java:234) ~[spring-beans-6.1.14.jar:6.1.14]
	at org.springframework.beans.factory.support.AbstractBeanFactory.doGetBean(AbstractBeanFactory.java:335) ~[spring-beans-6.1.14.jar:6.1.14]
	at org.springframework.beans.factory.support.AbstractBeanFactory.getBean(AbstractBeanFactory.java:200) ~[spring-beans-6.1.14.jar:6.1.14]
	at org.springframework.beans.factory.support.DefaultListableBeanFactory.preInstantiateSingletons(DefaultListableBeanFactory.java:975) ~[spring-beans-6.1.14.jar:6.1.14]
	at org.springframework.context.support.AbstractApplicationContext.finishBeanFactoryInitialization(AbstractApplicationContext.java:971) ~[spring-context-6.1.14.jar:6.1.14]
	at org.springframework.context.support.AbstractApplicationContext.refresh(AbstractApplicationContext.java:625) ~[spring-context-6.1.14.jar:6.1.14]
	at org.springframework.boot.web.servlet.context.ServletWebServerApplicationContext.refresh(ServletWebServerApplicationContext.java:146) ~[spring-boot-3.3.5.jar:3.3.5]
	at org.springframework.boot.SpringApplication.refresh(SpringApplication.java:754) ~[spring-boot-3.3.5.jar:3.3.5]
	at org.springframework.boot.SpringApplication.refreshContext(SpringApplication.java:456) ~[spring-boot-3.3.5.jar:3.3.5]
	at org.springframework.boot.SpringApplication.run(SpringApplication.java:335) ~[spring-boot-3.3.5.jar:3.3.5]
	at org.springframework.boot.SpringApplication.run(SpringApplication.java:1363) ~[spring-boot-3.3.5.jar:3.3.5]
	at org.springframework.boot.SpringApplication.run(SpringApplication.java:1352) ~[spring-boot-3.3.5.jar:3.3.5]
	at com.skyapi.weatherforecast.WeatherApiServiceApplication.main(WeatherApiServiceApplication.java:17) ~[classes/:na]
	at java.base/jdk.internal.reflect.DirectMethodHandleAccessor.invoke(DirectMethodHandleAccessor.java:103) ~[na:na]
	at java.base/java.lang.reflect.Method.invoke(Method.java:580) ~[na:na]
	at org.springframework.boot.devtools.restart.RestartLauncher.run(RestartLauncher.java:50) ~[spring-boot-devtools-3.3.5.jar:3.3.5]

2024-11-04T18:38:02.430+07:00  WARN 22520 --- [WeatherApiService] [restartedMain] JpaBaseConfiguration$JpaWebConfiguration : spring.jpa.open-in-view is enabled by default. Therefore, database queries may be performed during view rendering. Explicitly configure spring.jpa.open-in-view to disable this warning
